<?xml version="1.0" encoding="UTF-8"?>
<testng-results ignored="0" total="5" passed="4" failed="1" skipped="0">
  <reporter-output>
  </reporter-output>
  <suite started-at="2025-11-20T15:02:02 IST" name="Suite" finished-at="2025-11-20T15:02:51 IST" duration-ms="48302">
    <groups>
    </groups>
    <test started-at="2025-11-20T15:02:02 IST" name="Test" finished-at="2025-11-20T15:02:11 IST" duration-ms="8138">
      <class name="tc1_login">
        <test-method signature="f()[pri:0, instance:tc1_login@36ebc363]" started-at="2025-11-20T15:02:02 IST" name="f" finished-at="2025-11-20T15:02:10 IST" duration-ms="7900" status="PASS">
          <reporter-output>
          </reporter-output>
        </test-method> <!-- f -->
        <test-method is-config="true" signature="aftertest()[pri:0, instance:tc1_login@36ebc363]" started-at="2025-11-20T15:02:10 IST" name="aftertest" finished-at="2025-11-20T15:02:11 IST" duration-ms="198" status="PASS">
          <reporter-output>
          </reporter-output>
        </test-method> <!-- aftertest -->
      </class> <!-- tc1_login -->
    </test> <!-- Test -->
    <test started-at="2025-11-20T15:02:11 IST" name="Test2" finished-at="2025-11-20T15:02:18 IST" duration-ms="7869">
      <class name="tc2_search">
        <test-method signature="f()[pri:0, instance:tc2_search@1ce24091]" started-at="2025-11-20T15:02:11 IST" name="f" finished-at="2025-11-20T15:02:18 IST" duration-ms="7699" status="FAIL">
          <exception class="org.openqa.selenium.NoSuchElementException">
            <message>
              <![CDATA[no such element: Unable to locate element: {"method":"link text","selector":"Admin"}
  (Session info: MicrosoftEdge=142.0.3595.90)
For documentation on this error, please visit: https://www.selenium.dev/documentation/webdriver/troubleshooting/errors#nosuchelementexception
Build info: version: '4.38.0', revision: '6b412e825c*'
System info: os.name: 'Windows 10', os.arch: 'amd64', os.version: '10.0', java.version: '21.0.8'
Driver info: org.openqa.selenium.edge.EdgeDriver
Command: [4f9ffa0d9c0df67d5b486854377dc1e5, findElement {using=link text, value=Admin}]
Capabilities {acceptInsecureCerts: false, browserName: MicrosoftEdge, browserVersion: 142.0.3595.90, fedcm:accounts: true, goog:processID: 12916, ms:edgeOptions: {debuggerAddress: localhost:53684}, msedge: {msedgedriverVersion: 142.0.3595.90 (dbd633f4fff1..., userDataDir: C:\Windows\SystemTemp\scope...}, networkConnectionEnabled: false, pageLoadStrategy: normal, platformName: windows, proxy: Proxy(), se:cdp: ws://localhost:53684/devtoo..., se:cdpVersion: 142.0.3595.90, setWindowRect: true, strictFileInteractability: false, timeouts: {implicit: 0, pageLoad: 300000, script: 30000}, unhandledPromptBehavior: dismiss and notify, webauthn:extension:credBlob: true, webauthn:extension:largeBlob: true, webauthn:extension:minPinLength: true, webauthn:extension:prf: true, webauthn:virtualAuthenticators: true}
Session ID: 4f9ffa0d9c0df67d5b486854377dc1e5]]>
            </message>
            <full-stacktrace>
              <![CDATA[org.openqa.selenium.NoSuchElementException: no such element: Unable to locate element: {"method":"link text","selector":"Admin"}
  (Session info: MicrosoftEdge=142.0.3595.90)
For documentation on this error, please visit: https://www.selenium.dev/documentation/webdriver/troubleshooting/errors#nosuchelementexception
Build info: version: '4.38.0', revision: '6b412e825c*'
System info: os.name: 'Windows 10', os.arch: 'amd64', os.version: '10.0', java.version: '21.0.8'
Driver info: org.openqa.selenium.edge.EdgeDriver
Command: [4f9ffa0d9c0df67d5b486854377dc1e5, findElement {using=link text, value=Admin}]
Capabilities {acceptInsecureCerts: false, browserName: MicrosoftEdge, browserVersion: 142.0.3595.90, fedcm:accounts: true, goog:processID: 12916, ms:edgeOptions: {debuggerAddress: localhost:53684}, msedge: {msedgedriverVersion: 142.0.3595.90 (dbd633f4fff1..., userDataDir: C:\Windows\SystemTemp\scope...}, networkConnectionEnabled: false, pageLoadStrategy: normal, platformName: windows, proxy: Proxy(), se:cdp: ws://localhost:53684/devtoo..., se:cdpVersion: 142.0.3595.90, setWindowRect: true, strictFileInteractability: false, timeouts: {implicit: 0, pageLoad: 300000, script: 30000}, unhandledPromptBehavior: dismiss and notify, webauthn:extension:credBlob: true, webauthn:extension:largeBlob: true, webauthn:extension:minPinLength: true, webauthn:extension:prf: true, webauthn:virtualAuthenticators: true}
Session ID: 4f9ffa0d9c0df67d5b486854377dc1e5
at java.base/jdk.internal.reflect.DirectConstructorHandleAccessor.newInstance(DirectConstructorHandleAccessor.java:62)
at java.base/java.lang.reflect.Constructor.newInstanceWithCaller(Constructor.java:502)
at java.base/java.lang.reflect.Constructor.newInstance(Constructor.java:486)
at org.openqa.selenium.remote.ErrorCodec.decode(ErrorCodec.java:167)
at org.openqa.selenium.remote.codec.w3c.W3CHttpResponseCodec.decode(W3CHttpResponseCodec.java:138)
at org.openqa.selenium.remote.codec.w3c.W3CHttpResponseCodec.decode(W3CHttpResponseCodec.java:50)
at org.openqa.selenium.remote.HttpCommandExecutor.execute(HttpCommandExecutor.java:215)
at org.openqa.selenium.remote.service.DriverCommandExecutor.invokeExecute(DriverCommandExecutor.java:216)
at org.openqa.selenium.remote.service.DriverCommandExecutor.execute(DriverCommandExecutor.java:174)
at org.openqa.selenium.remote.RemoteWebDriver.execute(RemoteWebDriver.java:557)
at org.openqa.selenium.remote.ElementLocation$ElementFinder$2.findElement(ElementLocation.java:165)
at org.openqa.selenium.remote.ElementLocation.findElement(ElementLocation.java:59)
at org.openqa.selenium.remote.RemoteWebDriver.findElement(RemoteWebDriver.java:380)
at org.openqa.selenium.remote.RemoteWebDriver.findElement(RemoteWebDriver.java:374)
at tc2_search.f(tc2_search.java:68)
at java.base/jdk.internal.reflect.DirectMethodHandleAccessor.invoke(DirectMethodHandleAccessor.java:103)
at java.base/java.lang.reflect.Method.invoke(Method.java:580)
at org.testng.internal.invokers.MethodInvocationHelper.invokeMethod(MethodInvocationHelper.java:141)
at org.testng.internal.invokers.TestInvoker.invokeMethod(TestInvoker.java:687)
at org.testng.internal.invokers.TestInvoker.invokeTestMethod(TestInvoker.java:230)
at org.testng.internal.invokers.MethodRunner.runInSequence(MethodRunner.java:63)
at org.testng.internal.invokers.TestInvoker$MethodInvocationAgent.invoke(TestInvoker.java:995)
at org.testng.internal.invokers.TestInvoker.invokeTestMethods(TestInvoker.java:203)
at org.testng.internal.invokers.TestMethodWorker.invokeTestMethods(TestMethodWorker.java:154)
at org.testng.internal.invokers.TestMethodWorker.run(TestMethodWorker.java:134)
at java.base/java.util.ArrayList.forEach(ArrayList.java:1596)
at org.testng.TestRunner.privateRun(TestRunner.java:741)
at org.testng.TestRunner.run(TestRunner.java:616)
at org.testng.SuiteRunner.runTest(SuiteRunner.java:421)
at org.testng.SuiteRunner.runSequentially(SuiteRunner.java:413)
at org.testng.SuiteRunner.privateRun(SuiteRunner.java:373)
at org.testng.SuiteRunner.run(SuiteRunner.java:312)
at org.testng.SuiteRunnerWorker.runSuite(SuiteRunnerWorker.java:52)
at org.testng.SuiteRunnerWorker.run(SuiteRunnerWorker.java:95)
at org.testng.TestNG.runSuitesSequentially(TestNG.java:1274)
at org.testng.TestNG.runSuitesLocally(TestNG.java:1208)
at org.testng.TestNG.runSuites(TestNG.java:1112)
at org.testng.TestNG.run(TestNG.java:1079)
at org.testng.remote.AbstractRemoteTestNG.run(AbstractRemoteTestNG.java:115)
at org.testng.remote.RemoteTestNG.initAndRun(RemoteTestNG.java:293)
at org.testng.remote.RemoteTestNG.main(RemoteTestNG.java:91)
]]>
            </full-stacktrace>
          </exception> <!-- org.openqa.selenium.NoSuchElementException -->
          <reporter-output>
          </reporter-output>
        </test-method> <!-- f -->
        <test-method is-config="true" signature="aftertest()[pri:0, instance:tc2_search@1ce24091]" started-at="2025-11-20T15:02:18 IST" name="aftertest" finished-at="2025-11-20T15:02:18 IST" duration-ms="160" status="PASS">
          <reporter-output>
          </reporter-output>
        </test-method> <!-- aftertest -->
      </class> <!-- tc2_search -->
    </test> <!-- Test2 -->
    <test started-at="2025-11-20T15:02:18 IST" name="Test3" finished-at="2025-11-20T15:02:29 IST" duration-ms="10769">
      <class name="tc3">
        <test-method signature="f()[pri:0, instance:tc3@24269709]" started-at="2025-11-20T15:02:18 IST" name="f" finished-at="2025-11-20T15:02:29 IST" duration-ms="10566" status="PASS">
          <reporter-output>
          </reporter-output>
        </test-method> <!-- f -->
        <test-method is-config="true" signature="aftertest()[pri:0, instance:tc3@24269709]" started-at="2025-11-20T15:02:29 IST" name="aftertest" finished-at="2025-11-20T15:02:29 IST" duration-ms="200" status="PASS">
          <reporter-output>
          </reporter-output>
        </test-method> <!-- aftertest -->
      </class> <!-- tc3 -->
    </test> <!-- Test3 -->
    <test started-at="2025-11-20T15:02:29 IST" name="Test4" finished-at="2025-11-20T15:02:40 IST" duration-ms="10428">
      <class name="tc4">
        <test-method signature="f()[pri:0, instance:tc4@752325ad]" started-at="2025-11-20T15:02:29 IST" name="f" finished-at="2025-11-20T15:02:39 IST" duration-ms="10250" status="PASS">
          <reporter-output>
          </reporter-output>
        </test-method> <!-- f -->
        <test-method is-config="true" signature="aftertest()[pri:0, instance:tc4@752325ad]" started-at="2025-11-20T15:02:39 IST" name="aftertest" finished-at="2025-11-20T15:02:40 IST" duration-ms="172" status="PASS">
          <reporter-output>
          </reporter-output>
        </test-method> <!-- aftertest -->
      </class> <!-- tc4 -->
    </test> <!-- Test4 -->
    <test started-at="2025-11-20T15:02:40 IST" name="Test5" finished-at="2025-11-20T15:02:51 IST" duration-ms="11014">
      <class name="tc5">
        <test-method signature="f()[pri:0, instance:tc5@710f4dc7]" started-at="2025-11-20T15:02:40 IST" name="f" finished-at="2025-11-20T15:02:51 IST" duration-ms="10842" status="PASS">
          <reporter-output>
          </reporter-output>
        </test-method> <!-- f -->
        <test-method is-config="true" signature="aftertest()[pri:0, instance:tc5@710f4dc7]" started-at="2025-11-20T15:02:51 IST" name="aftertest" finished-at="2025-11-20T15:02:51 IST" duration-ms="167" status="PASS">
          <reporter-output>
          </reporter-output>
        </test-method> <!-- aftertest -->
      </class> <!-- tc5 -->
    </test> <!-- Test5 -->
    <test started-at="2025-11-20T15:02:51 IST" name="reporter" finished-at="2025-11-20T15:02:51 IST" duration-ms="1">
      <class name="reporter">
        <test-method is-config="true" signature="beforeTest()[pri:0, instance:reporter@6ad82709]" started-at="2025-11-20T15:02:02 IST" name="beforeTest" finished-at="2025-11-20T15:02:02 IST" duration-ms="205" status="PASS">
          <reporter-output>
          </reporter-output>
        </test-method> <!-- beforeTest -->
        <test-method is-config="true" signature="afterTest()[pri:0, instance:reporter@6ad82709]" started-at="2025-11-20T15:02:51 IST" name="afterTest" finished-at="2025-11-20T15:02:51 IST" duration-ms="367" status="PASS">
          <reporter-output>
          </reporter-output>
        </test-method> <!-- afterTest -->
      </class> <!-- reporter -->
    </test> <!-- reporter -->
  </suite> <!-- Suite -->
</testng-results>
