<?xml version="1.0" encoding="UTF-8"?>
<testng-results ignored="0" total="3" passed="2" failed="1" skipped="0">
  <reporter-output>
  </reporter-output>
  <suite started-at="2025-11-19T17:16:23 IST" name="Suite" finished-at="2025-11-19T17:16:42 IST" duration-ms="19311">
    <groups>
    </groups>
    <test started-at="2025-11-19T17:16:23 IST" name="Test" finished-at="2025-11-19T17:16:31 IST" duration-ms="8041">
      <class name="exercise_reporter.tc1_buyFish">
        <test-method is-config="true" signature="beforetest()[pri:0, instance:exercise_reporter.tc1_buyFish@7e6f74c]" started-at="2025-11-19T17:16:23 IST" name="beforetest" finished-at="2025-11-19T17:16:24 IST" duration-ms="1552" status="PASS">
          <reporter-output>
          </reporter-output>
        </test-method> <!-- beforetest -->
        <test-method signature="f()[pri:0, instance:exercise_reporter.tc1_buyFish@7e6f74c]" started-at="2025-11-19T17:16:24 IST" name="f" finished-at="2025-11-19T17:16:31 IST" duration-ms="6234" status="PASS">
          <reporter-output>
          </reporter-output>
        </test-method> <!-- f -->
        <test-method is-config="true" signature="aftertest()[pri:0, instance:exercise_reporter.tc1_buyFish@7e6f74c]" started-at="2025-11-19T17:16:31 IST" name="aftertest" finished-at="2025-11-19T17:16:31 IST" duration-ms="217" status="PASS">
          <reporter-output>
          </reporter-output>
        </test-method> <!-- aftertest -->
      </class> <!-- exercise_reporter.tc1_buyFish -->
    </test> <!-- Test -->
    <test started-at="2025-11-19T17:16:31 IST" name="Test2" finished-at="2025-11-19T17:16:39 IST" duration-ms="7656">
      <class name="exercise_reporter.tc2_buyDog">
        <test-method is-config="true" signature="beforetest()[pri:0, instance:exercise_reporter.tc2_buyDog@65e98b1c]" started-at="2025-11-19T17:16:31 IST" name="beforetest" finished-at="2025-11-19T17:16:32 IST" duration-ms="1011" status="PASS">
          <reporter-output>
          </reporter-output>
        </test-method> <!-- beforetest -->
        <test-method signature="f()[pri:0, instance:exercise_reporter.tc2_buyDog@65e98b1c]" started-at="2025-11-19T17:16:32 IST" name="f" finished-at="2025-11-19T17:16:38 IST" duration-ms="6422" status="PASS">
          <reporter-output>
          </reporter-output>
        </test-method> <!-- f -->
        <test-method is-config="true" signature="aftertest()[pri:0, instance:exercise_reporter.tc2_buyDog@65e98b1c]" started-at="2025-11-19T17:16:38 IST" name="aftertest" finished-at="2025-11-19T17:16:39 IST" duration-ms="216" status="PASS">
          <reporter-output>
          </reporter-output>
        </test-method> <!-- aftertest -->
      </class> <!-- exercise_reporter.tc2_buyDog -->
    </test> <!-- Test2 -->
    <test started-at="2025-11-19T17:16:39 IST" name="Test3" finished-at="2025-11-19T17:16:42 IST" duration-ms="3566">
      <class name="exercise_reporter.tc3_buyCats">
        <test-method is-config="true" signature="beforetest()[pri:0, instance:exercise_reporter.tc3_buyCats@510f3d34]" started-at="2025-11-19T17:16:39 IST" name="beforetest" finished-at="2025-11-19T17:16:40 IST" duration-ms="1021" status="PASS">
          <reporter-output>
          </reporter-output>
        </test-method> <!-- beforetest -->
        <test-method signature="f()[pri:0, instance:exercise_reporter.tc3_buyCats@510f3d34]" started-at="2025-11-19T17:16:40 IST" name="f" finished-at="2025-11-19T17:16:42 IST" duration-ms="2361" status="FAIL">
          <exception class="java.lang.AssertionError">
            <message>
              <![CDATA[expected [10] but found [110]]]>
            </message>
            <full-stacktrace>
              <![CDATA[java.lang.AssertionError: expected [10] but found [110]
at org.testng.Assert.fail(Assert.java:111)
at org.testng.Assert.failNotEquals(Assert.java:1590)
at org.testng.Assert.assertEqualsImpl(Assert.java:150)
at org.testng.Assert.assertEquals(Assert.java:132)
at org.testng.Assert.assertEquals(Assert.java:656)
at org.testng.Assert.assertEquals(Assert.java:666)
at exercise_reporter.tc3_buyCats.f(tc3_buyCats.java:32)
at java.base/jdk.internal.reflect.DirectMethodHandleAccessor.invoke(DirectMethodHandleAccessor.java:103)
at java.base/java.lang.reflect.Method.invoke(Method.java:580)
at org.testng.internal.invokers.MethodInvocationHelper.invokeMethod(MethodInvocationHelper.java:141)
at org.testng.internal.invokers.TestInvoker.invokeMethod(TestInvoker.java:687)
at org.testng.internal.invokers.TestInvoker.invokeTestMethod(TestInvoker.java:230)
at org.testng.internal.invokers.MethodRunner.runInSequence(MethodRunner.java:63)
at org.testng.internal.invokers.TestInvoker$MethodInvocationAgent.invoke(TestInvoker.java:995)
at org.testng.internal.invokers.TestInvoker.invokeTestMethods(TestInvoker.java:203)
at org.testng.internal.invokers.TestMethodWorker.invokeTestMethods(TestMethodWorker.java:154)
at org.testng.internal.invokers.TestMethodWorker.run(TestMethodWorker.java:134)
at java.base/java.util.ArrayList.forEach(ArrayList.java:1596)
at org.testng.TestRunner.privateRun(TestRunner.java:741)
at org.testng.TestRunner.run(TestRunner.java:616)
at org.testng.SuiteRunner.runTest(SuiteRunner.java:421)
at org.testng.SuiteRunner.runSequentially(SuiteRunner.java:413)
at org.testng.SuiteRunner.privateRun(SuiteRunner.java:373)
at org.testng.SuiteRunner.run(SuiteRunner.java:312)
at org.testng.SuiteRunnerWorker.runSuite(SuiteRunnerWorker.java:52)
at org.testng.SuiteRunnerWorker.run(SuiteRunnerWorker.java:95)
at org.testng.TestNG.runSuitesSequentially(TestNG.java:1274)
at org.testng.TestNG.runSuitesLocally(TestNG.java:1208)
at org.testng.TestNG.runSuites(TestNG.java:1112)
at org.testng.TestNG.run(TestNG.java:1079)
at org.testng.remote.AbstractRemoteTestNG.run(AbstractRemoteTestNG.java:115)
at org.testng.remote.RemoteTestNG.initAndRun(RemoteTestNG.java:293)
at org.testng.remote.RemoteTestNG.main(RemoteTestNG.java:91)
]]>
            </full-stacktrace>
          </exception> <!-- java.lang.AssertionError -->
          <reporter-output>
          </reporter-output>
        </test-method> <!-- f -->
        <test-method is-config="true" signature="aftertest()[pri:0, instance:exercise_reporter.tc3_buyCats@510f3d34]" started-at="2025-11-19T17:16:42 IST" name="aftertest" finished-at="2025-11-19T17:16:42 IST" duration-ms="179" status="PASS">
          <reporter-output>
          </reporter-output>
        </test-method> <!-- aftertest -->
      </class> <!-- exercise_reporter.tc3_buyCats -->
    </test> <!-- Test3 -->
    <test started-at="2025-11-19T17:16:42 IST" name="reporter" finished-at="2025-11-19T17:16:42 IST" duration-ms="2">
      <class name="reporter">
        <test-method is-config="true" signature="beforeSuite()[pri:0, instance:reporter@3bd82cf5]" started-at="2025-11-19T17:16:23 IST" name="beforeSuite" finished-at="2025-11-19T17:16:23 IST" duration-ms="4" status="PASS">
          <reporter-output>
          </reporter-output>
        </test-method> <!-- beforeSuite -->
        <test-method is-config="true" signature="afterSuite()[pri:0, instance:reporter@3bd82cf5]" started-at="2025-11-19T17:16:43 IST" name="afterSuite" finished-at="2025-11-19T17:16:43 IST" duration-ms="1" status="FAIL">
          <exception class="java.lang.NullPointerException">
            <message>
              <![CDATA[Cannot invoke "java.util.List.iterator()" because "this.testList" is null]]>
            </message>
            <full-stacktrace>
              <![CDATA[java.lang.NullPointerException: Cannot invoke "java.util.List.iterator()" because "this.testList" is null
at com.relevantcodes.extentreports.Report.terminate(Report.java:412)
at com.relevantcodes.extentreports.ExtentReports.close(ExtentReports.java:708)
at reporter.afterSuite(reporter.java:21)
at java.base/jdk.internal.reflect.DirectMethodHandleAccessor.invoke(DirectMethodHandleAccessor.java:103)
at java.base/java.lang.reflect.Method.invoke(Method.java:580)
at org.testng.internal.invokers.MethodInvocationHelper.invokeMethod(MethodInvocationHelper.java:141)
at org.testng.internal.invokers.MethodInvocationHelper.invokeMethodConsideringTimeout(MethodInvocationHelper.java:71)
at org.testng.internal.invokers.ConfigInvoker.invokeConfigurationMethod(ConfigInvoker.java:400)
at org.testng.internal.invokers.ConfigInvoker.invokeConfigurations(ConfigInvoker.java:333)
at org.testng.SuiteRunner.privateRun(SuiteRunner.java:386)
at org.testng.SuiteRunner.run(SuiteRunner.java:312)
at org.testng.SuiteRunnerWorker.runSuite(SuiteRunnerWorker.java:52)
at org.testng.SuiteRunnerWorker.run(SuiteRunnerWorker.java:95)
at org.testng.TestNG.runSuitesSequentially(TestNG.java:1274)
at org.testng.TestNG.runSuitesLocally(TestNG.java:1208)
at org.testng.TestNG.runSuites(TestNG.java:1112)
at org.testng.TestNG.run(TestNG.java:1079)
at org.testng.remote.AbstractRemoteTestNG.run(AbstractRemoteTestNG.java:115)
at org.testng.remote.RemoteTestNG.initAndRun(RemoteTestNG.java:293)
at org.testng.remote.RemoteTestNG.main(RemoteTestNG.java:91)
]]>
            </full-stacktrace>
          </exception> <!-- java.lang.NullPointerException -->
          <reporter-output>
          </reporter-output>
        </test-method> <!-- afterSuite -->
      </class> <!-- reporter -->
      <class name="exercise_reporter.tc3_buyCats">
        <test-method is-config="true" signature="beforeSuite()[pri:0, instance:exercise_reporter.tc3_buyCats@510f3d34]" started-at="2025-11-19T17:16:23 IST" name="beforeSuite" finished-at="2025-11-19T17:16:23 IST" duration-ms="168" status="PASS">
          <reporter-output>
          </reporter-output>
        </test-method> <!-- beforeSuite -->
        <test-method is-config="true" signature="afterSuite()[pri:0, instance:exercise_reporter.tc3_buyCats@510f3d34]" started-at="2025-11-19T17:16:42 IST" name="afterSuite" finished-at="2025-11-19T17:16:43 IST" duration-ms="373" status="PASS">
          <reporter-output>
          </reporter-output>
        </test-method> <!-- afterSuite -->
      </class> <!-- exercise_reporter.tc3_buyCats -->
    </test> <!-- reporter -->
  </suite> <!-- Suite -->
</testng-results>
