<?xml version="1.0" encoding="UTF-8"?>
<!-- Generated by org.testng.reporters.JUnitReportReporter -->
<testsuite hostname="9542c961512a5ef" failures="0" tests="2" name="testingdemo_day1.tc3_annotation" time="8.865" errors="0" timestamp="2025-11-19T12:06:58 IST" skipped="0">
  <testcase classname="testingdemo_day1.tc3_annotation" name="tc1_register" time="3.388"/>
  <testcase classname="testingdemo_day1.tc3_annotation" name="tc2_login" time="5.477"/>
</testsuite> <!-- testingdemo_day1.tc3_annotation -->
