<?xml version="1.0" encoding="UTF-8"?>
<!-- Generated by org.testng.reporters.JUnitReportReporter -->
<testsuite hostname="9542c961512a5ef" failures="0" tests="2" name="testingdemo_day1.tc_jpetStore_Exercide" time="3.080" errors="0" timestamp="2025-11-19T12:20:23 IST" skipped="0">
  <testcase classname="testingdemo_day1.tc_jpetStore_Exercide" name="tc1" time="2.095"/>
  <testcase classname="testingdemo_day1.tc_jpetStore_Exercide" name="tc2" time="0.985"/>
</testsuite> <!-- testingdemo_day1.tc_jpetStore_Exercide -->
