<?xml version="1.0" encoding="UTF-8"?>
<!-- Generated by org.testng.reporters.JUnitReportReporter -->
<testsuite hostname="9542c961512a5ef" failures="0" tests="3" name="testingdemo_day1.blazedemo_exercise" time="8.109" errors="0" timestamp="2025-11-19T12:46:35 IST" skipped="0">
  <testcase classname="testingdemo_day1.blazedemo_exercise" name="f" time="1.264"/>
  <testcase classname="testingdemo_day1.blazedemo_exercise" name="f" time="1.913"/>
  <testcase classname="testingdemo_day1.blazedemo_exercise" name="f" time="4.932"/>
</testsuite> <!-- testingdemo_day1.blazedemo_exercise -->
