<?xml version="1.0" encoding="UTF-8"?>
<!-- Generated by org.testng.reporters.JUnitXMLReporter -->
<testsuite ignored="0" hostname="9542c961512a5ef" failures="1" tests="1" name="Test3" time="3.427" errors="0" timestamp="2025-11-20T10:28:53 IST">
  <testcase classname="tc3_buyCats" name="f" time="2.334">
    <failure type="java.lang.AssertionError" message="expected [10] but found [110]">
      <![CDATA[java.lang.AssertionError: expected [10] but found [110]
at tc3_buyCats.f(tc3_buyCats.java:29)
at java.base/java.util.ArrayList.forEach(ArrayList.java:1596)
... Removed 31 stack frames]]>
    </failure>
  </testcase> <!-- f -->
</testsuite> <!-- Test3 -->
