<?xml version="1.0" encoding="UTF-8"?>
<testng-results ignored="0" total="0" passed="0" failed="0" skipped="0">
  <reporter-output>
  </reporter-output>
  <suite started-at="2025-11-28T14:50:33 IST" name="Suite" finished-at="2025-11-28T14:50:33 IST" duration-ms="112">
    <groups>
    </groups>
    <test started-at="2025-11-28T14:50:33 IST" name="Test" finished-at="2025-11-28T14:50:33 IST" duration-ms="13">
    </test> <!-- Test -->
    <test started-at="2025-11-28T14:50:33 IST" name="reporter" finished-at="2025-11-28T14:50:33 IST" duration-ms="1">
      <class name="utilities.reportgenerator">
        <test-method is-config="true" signature="beforeSuite()[pri:0, instance:utilities.reportgenerator@248e319b]" started-at="2025-11-28T14:50:33 IST" name="beforeSuite" finished-at="2025-11-28T14:50:33 IST" duration-ms="131" status="PASS">
          <reporter-output>
          </reporter-output>
        </test-method> <!-- beforeSuite -->
        <test-method is-config="true" signature="afterSuite()[pri:0, instance:utilities.reportgenerator@248e319b]" started-at="2025-11-28T14:50:34 IST" name="afterSuite" finished-at="2025-11-28T14:50:34 IST" duration-ms="2" status="PASS">
          <reporter-output>
          </reporter-output>
        </test-method> <!-- afterSuite -->
      </class> <!-- utilities.reportgenerator -->
    </test> <!-- reporter -->
  </suite> <!-- Suite -->
</testng-results>
